<?xml version="1.0" encoding="UTF-8"?>
<!-- Generated by org.testng.reporters.JUnitReportReporter -->
<testsuite hostname="Minhaj-Laptop" failures="0" tests="1" name="TestNGAnnotations.Annotations" time="0.021" errors="0" timestamp="2025-03-23T01:29:18 IST" skipped="0">
  <testcase classname="TestNGAnnotations.Annotations" name="f" time="0.021"/>
</testsuite> <!-- TestNGAnnotations.Annotations -->
