<?xml version="1.0" encoding="UTF-8"?>
<!-- Generated by org.testng.reporters.JUnitReportReporter -->
<testsuite hostname="Minhaj-Laptop" failures="0" tests="1" name="SeleniumBasics.MultiScreenshot" time="6.021" errors="0" timestamp="2025-03-23T02:24:05 IST" skipped="0">
  <testcase classname="SeleniumBasics.MultiScreenshot" name="f" time="6.021"/>
</testsuite> <!-- SeleniumBasics.MultiScreenshot -->
